<?xml version="1.0" encoding="UTF-8"?>
<!-- Generated by org.testng.reporters.JUnitXMLReporter -->
<testsuite hostname="LAPTOP-K49GOV26" ignored="0" name="Car Name and Price Test" tests="4" failures="0" timestamp="05 Nov 2022 12:15:52 GMT" time="42.823" errors="0">
  <testcase name="carNameAndPrice" time="40.343" classname="testcases.CarNameAndPriceTest"/>
  <testcase name="carNameAndPrice" time="0.004" classname="testcases.CarNameAndPriceTest">
    <skipped/>
  </testcase> <!-- carNameAndPrice -->
  <testcase name="carNameAndPrice" time="0.002" classname="testcases.CarNameAndPriceTest">
    <skipped/>
  </testcase> <!-- carNameAndPrice -->
  <testcase name="carNameAndPrice" time="0.001" classname="testcases.CarNameAndPriceTest">
    <skipped/>
  </testcase> <!-- carNameAndPrice -->
</testsuite> <!-- Car Name and Price Test -->
